# JRE version: OpenJDK Runtime Environment (17.0.9) (build 17.0.9+0--11185874)
# Java VM: OpenJDK 64-Bit Server VM (17.0.9+0--11185874, mixed mode, tiered, compressed oops, compressed class ptrs, g1 gc, windows-amd64)
GC Precious Log:
 CPUs: 8 total, 8 available
 Memory: 12197M
 Large Page Support: Disabled
 NUMA Support: Disabled
 Compressed Oops: Enabled (32-bit)
 Heap Region Size: 1M
 Heap Min Capacity: 8M
 Heap Initial Capacity: 192M
 Heap Max Capacity: 2G
 Pre-touch: Disabled
 Parallel Workers: 8
 Concurrent Workers: 2
 Concurrent Refinement Workers: 8
 Periodic GC: Disabled
Heap:
 garbage-first heap   total 404480K, used 294717K [0x0000000080000000, 0x0000000100000000)
  region size 1024K, 103 young (105472K), 6 survivors (6144K)
 Metaspace       used 133000K, committed 133824K, reserved 1179648K
  class space    used 18296K, committed 18688K, reserved 1048576K
GC Heap History (20 events):
Event: 38.728 GC heap before
{Heap before GC invocations=41 (full 0):
 garbage-first heap   total 209920K, used 168558K [0x0000000080000000, 0x0000000100000000)
  region size 1024K, 45 young (46080K), 6 survivors (6144K)
 Metaspace       used 111043K, committed 111808K, reserved 1179648K
  class space    used 14808K, committed 15168K, reserved 1048576K
}
Event: 38.738 GC heap after
{Heap after GC invocations=42 (full 0):
 garbage-first heap   total 280576K, used 133317K [0x0000000080000000, 0x0000000100000000)
  region size 1024K, 4 young (4096K), 4 survivors (4096K)
 Metaspace       used 111043K, committed 111808K, reserved 1179648K
  class space    used 14808K, committed 15168K, reserved 1048576K
}
Event: 39.708 GC heap before
{Heap before GC invocations=42 (full 0):
 garbage-first heap   total 280576K, used 216261K [0x0000000080000000, 0x0000000100000000)
  region size 1024K, 86 young (88064K), 4 survivors (4096K)
 Metaspace       used 111845K, committed 112640K, reserved 1179648K
  class space    used 14859K, committed 15232K, reserved 1048576K
}
Event: 39.715 GC heap after
{Heap after GC invocations=43 (full 0):
 garbage-first heap   total 280576K, used 135654K [0x0000000080000000, 0x0000000100000000)
  region size 1024K, 6 young (6144K), 6 survivors (6144K)
 Metaspace       used 111845K, committed 112640K, reserved 1179648K
  class space    used 14859K, committed 15232K, reserved 1048576K
}
Event: 41.063 GC heap before
{Heap before GC invocations=43 (full 0):
 garbage-first heap   total 280576K, used 222694K [0x0000000080000000, 0x0000000100000000)
  region size 1024K, 92 young (94208K), 6 survivors (6144K)
 Metaspace       used 113355K, committed 114112K, reserved 1179648K
  class space    used 14997K, committed 15360K, reserved 1048576K
}
Event: 41.075 GC heap after
{Heap after GC invocations=44 (full 0):
 garbage-first heap   total 280576K, used 138805K [0x0000000080000000, 0x0000000100000000)
  region size 1024K, 9 young (9216K), 9 survivors (9216K)
 Metaspace       used 113355K, committed 114112K, reserved 1179648K
  class space    used 14997K, committed 15360K, reserved 1048576K
}
Event: 42.825 GC heap before
{Heap before GC invocations=44 (full 0):
 garbage-first heap   total 280576K, used 224821K [0x0000000080000000, 0x0000000100000000)
  region size 1024K, 94 young (96256K), 9 survivors (9216K)
 Metaspace       used 115639K, committed 116416K, reserved 1179648K
  class space    used 15263K, committed 15616K, reserved 1048576K
}
Event: 42.846 GC heap after
{Heap after GC invocations=45 (full 0):
 garbage-first heap   total 280576K, used 146978K [0x0000000080000000, 0x0000000100000000)
  region size 1024K, 12 young (12288K), 12 survivors (12288K)
 Metaspace       used 115639K, committed 116416K, reserved 1179648K
  class space    used 15263K, committed 15616K, reserved 1048576K
}
Event: 43.505 GC heap before
{Heap before GC invocations=45 (full 0):
 garbage-first heap   total 280576K, used 225826K [0x0000000080000000, 0x0000000100000000)
  region size 1024K, 90 young (92160K), 12 survivors (12288K)
 Metaspace       used 116520K, committed 117312K, reserved 1179648K
  class space    used 15380K, committed 15744K, reserved 1048576K
}
Event: 43.525 GC heap after
{Heap after GC invocations=46 (full 0):
 garbage-first heap   total 280576K, used 156046K [0x0000000080000000, 0x0000000100000000)
  region size 1024K, 9 young (9216K), 9 survivors (9216K)
 Metaspace       used 116520K, committed 117312K, reserved 1179648K
  class space    used 15380K, committed 15744K, reserved 1048576K
}
Event: 44.428 GC heap before
{Heap before GC invocations=46 (full 0):
 garbage-first heap   total 280576K, used 229774K [0x0000000080000000, 0x0000000100000000)
  region size 1024K, 80 young (81920K), 9 survivors (9216K)
 Metaspace       used 120870K, committed 121728K, reserved 1179648K
  class space    used 16069K, committed 16512K, reserved 1048576K
}
Event: 44.445 GC heap after
{Heap after GC invocations=47 (full 0):
 garbage-first heap   total 280576K, used 165417K [0x0000000080000000, 0x0000000100000000)
  region size 1024K, 10 young (10240K), 10 survivors (10240K)
 Metaspace       used 120870K, committed 121728K, reserved 1179648K
  class space    used 16069K, committed 16512K, reserved 1048576K
}
Event: 44.830 GC heap before
{Heap before GC invocations=47 (full 0):
 garbage-first heap   total 280576K, used 227881K [0x0000000080000000, 0x0000000100000000)
  region size 1024K, 72 young (73728K), 10 survivors (10240K)
 Metaspace       used 122937K, committed 123776K, reserved 1179648K
  class space    used 16423K, committed 16832K, reserved 1048576K
}
Event: 44.853 GC heap after
{Heap after GC invocations=48 (full 0):
 garbage-first heap   total 280576K, used 173854K [0x0000000080000000, 0x0000000100000000)
  region size 1024K, 9 young (9216K), 9 survivors (9216K)
 Metaspace       used 122937K, committed 123776K, reserved 1179648K
  class space    used 16423K, committed 16832K, reserved 1048576K
}
Event: 45.224 GC heap before
{Heap before GC invocations=48 (full 0):
 garbage-first heap   total 280576K, used 228126K [0x0000000080000000, 0x0000000100000000)
  region size 1024K, 63 young (64512K), 9 survivors (9216K)
 Metaspace       used 124714K, committed 125504K, reserved 1179648K
  class space    used 16689K, committed 17088K, reserved 1048576K
}
Event: 45.256 GC heap after
{Heap after GC invocations=49 (full 0):
 garbage-first heap   total 280576K, used 183848K [0x0000000080000000, 0x0000000100000000)
  region size 1024K, 8 young (8192K), 8 survivors (8192K)
 Metaspace       used 124714K, committed 125504K, reserved 1179648K
  class space    used 16689K, committed 17088K, reserved 1048576K
}
Event: 45.695 GC heap before
{Heap before GC invocations=49 (full 0):
 garbage-first heap   total 280576K, used 229928K [0x0000000080000000, 0x0000000100000000)
  region size 1024K, 54 young (55296K), 8 survivors (8192K)
 Metaspace       used 127185K, committed 128064K, reserved 1179648K
  class space    used 17209K, committed 17664K, reserved 1048576K
}
Event: 45.719 GC heap after
{Heap after GC invocations=50 (full 0):
 garbage-first heap   total 280576K, used 191184K [0x0000000080000000, 0x0000000100000000)
  region size 1024K, 7 young (7168K), 7 survivors (7168K)
 Metaspace       used 127185K, committed 128064K, reserved 1179648K
  class space    used 17209K, committed 17664K, reserved 1048576K
}
Event: 45.870 GC heap before
{Heap before GC invocations=50 (full 0):
 garbage-first heap   total 280576K, used 233168K [0x0000000080000000, 0x0000000100000000)
  region size 1024K, 48 young (49152K), 7 survivors (7168K)
 Metaspace       used 128102K, committed 128960K, reserved 1179648K
  class space    used 17360K, committed 17792K, reserved 1048576K
}
Event: 45.895 GC heap after
{Heap after GC invocations=51 (full 0):
 garbage-first heap   total 404480K, used 197437K [0x0000000080000000, 0x0000000100000000)
  region size 1024K, 6 young (6144K), 6 survivors (6144K)
 Metaspace       used 128102K, committed 128960K, reserved 1179648K
  class space    used 17360K, committed 17792K, reserved 1048576K
}

