# JRE version: OpenJDK Runtime Environment (17.0.9) (build 17.0.9+0--11185874)
# Java VM: OpenJDK 64-Bit Server VM (17.0.9+0--11185874, mixed mode, tiered, compressed oops, compressed class ptrs, g1 gc, windows-amd64)
GC Precious Log:
 CPUs: 8 total, 8 available
 Memory: 12197M
 Large Page Support: Disabled
 NUMA Support: Disabled
 Compressed Oops: Enabled (32-bit)
 Heap Region Size: 1M
 Heap Min Capacity: 8M
 Heap Initial Capacity: 192M
 Heap Max Capacity: 2G
 Pre-touch: Disabled
 Parallel Workers: 8
 Concurrent Workers: 2
 Concurrent Refinement Workers: 8
 Periodic GC: Disabled
Heap:
 garbage-first heap   total 199680K, used 121906K [0x0000000080000000, 0x0000000100000000)
  region size 1024K, 3 young (3072K), 3 survivors (3072K)
 Metaspace       used 105329K, committed 106112K, reserved 1179648K
  class space    used 14240K, committed 14592K, reserved 1048576K
GC Heap History (20 events):
Event: 18.597 GC heap after
{Heap after GC invocations=37 (full 0):
 garbage-first heap   total 135168K, used 76654K [0x0000000080000000, 0x0000000100000000)
  region size 1024K, 1 young (1024K), 1 survivors (1024K)
 Metaspace       used 94087K, committed 94784K, reserved 1179648K
  class space    used 12868K, committed 13184K, reserved 1048576K
}
Event: 19.315 GC heap before
{Heap before GC invocations=37 (full 0):
 garbage-first heap   total 135168K, used 111470K [0x0000000080000000, 0x0000000100000000)
  region size 1024K, 35 young (35840K), 1 survivors (1024K)
 Metaspace       used 97018K, committed 97664K, reserved 1179648K
  class space    used 13247K, committed 13568K, reserved 1048576K
}
Event: 19.322 GC heap after
{Heap after GC invocations=38 (full 0):
 garbage-first heap   total 162816K, used 79087K [0x0000000080000000, 0x0000000100000000)
  region size 1024K, 4 young (4096K), 4 survivors (4096K)
 Metaspace       used 97018K, committed 97664K, reserved 1179648K
  class space    used 13247K, committed 13568K, reserved 1048576K
}
Event: 21.254 GC heap before
{Heap before GC invocations=39 (full 0):
 garbage-first heap   total 162816K, used 137455K [0x0000000080000000, 0x0000000100000000)
  region size 1024K, 57 young (58368K), 4 survivors (4096K)
 Metaspace       used 101354K, committed 102080K, reserved 1179648K
  class space    used 13750K, committed 14080K, reserved 1048576K
}
Event: 21.269 GC heap after
{Heap after GC invocations=40 (full 0):
 garbage-first heap   total 162816K, used 85623K [0x0000000080000000, 0x0000000100000000)
  region size 1024K, 8 young (8192K), 8 survivors (8192K)
 Metaspace       used 101354K, committed 102080K, reserved 1179648K
  class space    used 13750K, committed 14080K, reserved 1048576K
}
Event: 21.304 GC heap before
{Heap before GC invocations=40 (full 0):
 garbage-first heap   total 162816K, used 86647K [0x0000000080000000, 0x0000000100000000)
  region size 1024K, 9 young (9216K), 8 survivors (8192K)
 Metaspace       used 101435K, committed 102208K, reserved 1179648K
  class space    used 13765K, committed 14144K, reserved 1048576K
}
Event: 21.319 GC heap after
{Heap after GC invocations=41 (full 0):
 garbage-first heap   total 162816K, used 86232K [0x0000000080000000, 0x0000000100000000)
  region size 1024K, 1 young (1024K), 1 survivors (1024K)
 Metaspace       used 101435K, committed 102208K, reserved 1179648K
  class space    used 13765K, committed 14144K, reserved 1048576K
}
Event: 21.907 GC heap before
{Heap before GC invocations=41 (full 0):
 garbage-first heap   total 162816K, used 131288K [0x0000000080000000, 0x0000000100000000)
  region size 1024K, 46 young (47104K), 1 survivors (1024K)
 Metaspace       used 102090K, committed 102848K, reserved 1179648K
  class space    used 13904K, committed 14272K, reserved 1048576K
}
Event: 21.915 GC heap after
{Heap after GC invocations=42 (full 0):
 garbage-first heap   total 162816K, used 88451K [0x0000000080000000, 0x0000000100000000)
  region size 1024K, 4 young (4096K), 4 survivors (4096K)
 Metaspace       used 102090K, committed 102848K, reserved 1179648K
  class space    used 13904K, committed 14272K, reserved 1048576K
}
Event: 23.202 GC heap before
{Heap before GC invocations=43 (full 0):
 garbage-first heap   total 167936K, used 132483K [0x0000000080000000, 0x0000000100000000)
  region size 1024K, 48 young (49152K), 4 survivors (4096K)
 Metaspace       used 104646K, committed 105344K, reserved 1179648K
  class space    used 14200K, committed 14528K, reserved 1048576K
}
Event: 23.210 GC heap after
{Heap after GC invocations=44 (full 0):
 garbage-first heap   total 167936K, used 91270K [0x0000000080000000, 0x0000000100000000)
  region size 1024K, 6 young (6144K), 6 survivors (6144K)
 Metaspace       used 104646K, committed 105344K, reserved 1179648K
  class space    used 14200K, committed 14528K, reserved 1048576K
}
Event: 23.284 GC heap before
{Heap before GC invocations=44 (full 0):
 garbage-first heap   total 167936K, used 93318K [0x0000000080000000, 0x0000000100000000)
  region size 1024K, 8 young (8192K), 6 survivors (6144K)
 Metaspace       used 104675K, committed 105408K, reserved 1179648K
  class space    used 14200K, committed 14528K, reserved 1048576K
}
Event: 23.294 GC heap after
{Heap after GC invocations=45 (full 0):
 garbage-first heap   total 167936K, used 91792K [0x0000000080000000, 0x0000000100000000)
  region size 1024K, 1 young (1024K), 1 survivors (1024K)
 Metaspace       used 104675K, committed 105408K, reserved 1179648K
  class space    used 14200K, committed 14528K, reserved 1048576K
}
Event: 24.123 GC heap before
{Heap before GC invocations=45 (full 0):
 garbage-first heap   total 167936K, used 122512K [0x0000000080000000, 0x0000000100000000)
  region size 1024K, 33 young (33792K), 1 survivors (1024K)
 Metaspace       used 104883K, committed 105600K, reserved 1179648K
  class space    used 14200K, committed 14528K, reserved 1048576K
}
Event: 24.132 GC heap after
{Heap after GC invocations=46 (full 0):
 garbage-first heap   total 167936K, used 100986K [0x0000000080000000, 0x0000000100000000)
  region size 1024K, 6 young (6144K), 6 survivors (6144K)
 Metaspace       used 104883K, committed 105600K, reserved 1179648K
  class space    used 14200K, committed 14528K, reserved 1048576K
}
Event: 24.778 GC heap before
{Heap before GC invocations=47 (full 0):
 garbage-first heap   total 199680K, used 141946K [0x0000000080000000, 0x0000000100000000)
  region size 1024K, 37 young (37888K), 6 survivors (6144K)
 Metaspace       used 105055K, committed 105856K, reserved 1179648K
  class space    used 14218K, committed 14592K, reserved 1048576K
}
Event: 24.800 GC heap after
{Heap after GC invocations=48 (full 0):
 garbage-first heap   total 199680K, used 118670K [0x0000000080000000, 0x0000000100000000)
  region size 1024K, 5 young (5120K), 5 survivors (5120K)
 Metaspace       used 105055K, committed 105856K, reserved 1179648K
  class space    used 14218K, committed 14592K, reserved 1048576K
}
Event: 24.913 GC heap before
{Heap before GC invocations=48 (full 0):
 garbage-first heap   total 199680K, used 122766K [0x0000000080000000, 0x0000000100000000)
  region size 1024K, 9 young (9216K), 5 survivors (5120K)
 Metaspace       used 105171K, committed 105920K, reserved 1179648K
  class space    used 14228K, committed 14592K, reserved 1048576K
}
Event: 24.923 GC heap after
{Heap after GC invocations=49 (full 0):
 garbage-first heap   total 199680K, used 120896K [0x0000000080000000, 0x0000000100000000)
  region size 1024K, 2 young (2048K), 2 survivors (2048K)
 Metaspace       used 105171K, committed 105920K, reserved 1179648K
  class space    used 14228K, committed 14592K, reserved 1048576K
}
Event: 25.153 GC heap before
{Heap before GC invocations=49 (full 0):
 garbage-first heap   total 199680K, used 127040K [0x0000000080000000, 0x0000000100000000)
  region size 1024K, 9 young (9216K), 2 survivors (2048K)
 Metaspace       used 105329K, committed 106112K, reserved 1179648K
  class space    used 14240K, committed 14592K, reserved 1048576K
}

