# JRE version: OpenJDK Runtime Environment (17.0.9) (build 17.0.9+0--11185874)
# Java VM: OpenJDK 64-Bit Server VM (17.0.9+0--11185874, mixed mode, tiered, compressed oops, compressed class ptrs, g1 gc, windows-amd64)
GC Precious Log:
 CPUs: 8 total, 8 available
 Memory: 12197M
 Large Page Support: Disabled
 NUMA Support: Disabled
 Compressed Oops: Enabled (32-bit)
 Heap Region Size: 1M
 Heap Min Capacity: 8M
 Heap Initial Capacity: 192M
 Heap Max Capacity: 2G
 Pre-touch: Disabled
 Parallel Workers: 8
 Concurrent Workers: 2
 Concurrent Refinement Workers: 8
 Periodic GC: Disabled
Heap:
 garbage-first heap   total 357376K, used 190894K [0x0000000080000000, 0x0000000100000000)
  region size 1024K, 5 young (5120K), 5 survivors (5120K)
 Metaspace       used 143232K, committed 144192K, reserved 1179648K
  class space    used 19215K, committed 19712K, reserved 1048576K
GC Heap History (20 events):
Event: 382.467 GC heap after
{Heap after GC invocations=68 (full 0):
 garbage-first heap   total 357376K, used 149475K [0x0000000080000000, 0x0000000100000000)
  region size 1024K, 22 young (22528K), 22 survivors (22528K)
 Metaspace       used 129620K, committed 130496K, reserved 1179648K
  class space    used 17020K, committed 17472K, reserved 1048576K
}
Event: 384.172 GC heap before
{Heap before GC invocations=68 (full 0):
 garbage-first heap   total 357376K, used 284643K [0x0000000080000000, 0x0000000100000000)
  region size 1024K, 155 young (158720K), 22 survivors (22528K)
 Metaspace       used 136526K, committed 137408K, reserved 1179648K
  class space    used 18324K, committed 18752K, reserved 1048576K
}
Event: 384.224 GC heap after
{Heap after GC invocations=69 (full 0):
 garbage-first heap   total 357376K, used 164059K [0x0000000080000000, 0x0000000100000000)
  region size 1024K, 17 young (17408K), 17 survivors (17408K)
 Metaspace       used 136526K, committed 137408K, reserved 1179648K
  class space    used 18324K, committed 18752K, reserved 1048576K
}
Event: 385.351 GC heap before
{Heap before GC invocations=69 (full 0):
 garbage-first heap   total 357376K, used 285915K [0x0000000080000000, 0x0000000100000000)
  region size 1024K, 136 young (139264K), 17 survivors (17408K)
 Metaspace       used 141055K, committed 142080K, reserved 1179648K
  class space    used 19072K, committed 19584K, reserved 1048576K
}
Event: 385.392 GC heap after
{Heap after GC invocations=70 (full 0):
 garbage-first heap   total 357376K, used 177679K [0x0000000080000000, 0x0000000100000000)
  region size 1024K, 14 young (14336K), 14 survivors (14336K)
 Metaspace       used 141055K, committed 142080K, reserved 1179648K
  class space    used 19072K, committed 19584K, reserved 1048576K
}
Event: 386.370 GC heap before
{Heap before GC invocations=70 (full 0):
 garbage-first heap   total 357376K, used 288271K [0x0000000080000000, 0x0000000100000000)
  region size 1024K, 123 young (125952K), 14 survivors (14336K)
 Metaspace       used 141572K, committed 142528K, reserved 1179648K
  class space    used 19149K, committed 19648K, reserved 1048576K
}
Event: 386.403 GC heap after
{Heap after GC invocations=71 (full 0):
 garbage-first heap   total 357376K, used 187728K [0x0000000080000000, 0x0000000100000000)
  region size 1024K, 11 young (11264K), 11 survivors (11264K)
 Metaspace       used 141572K, committed 142528K, reserved 1179648K
  class space    used 19149K, committed 19648K, reserved 1048576K
}
Event: 387.131 GC heap before
{Heap before GC invocations=71 (full 0):
 garbage-first heap   total 357376K, used 291152K [0x0000000080000000, 0x0000000100000000)
  region size 1024K, 113 young (115712K), 11 survivors (11264K)
 Metaspace       used 141841K, committed 142848K, reserved 1179648K
  class space    used 19189K, committed 19712K, reserved 1048576K
}
Event: 387.145 GC heap after
{Heap after GC invocations=72 (full 0):
 garbage-first heap   total 357376K, used 189639K [0x0000000080000000, 0x0000000100000000)
  region size 1024K, 4 young (4096K), 4 survivors (4096K)
 Metaspace       used 141841K, committed 142848K, reserved 1179648K
  class space    used 19189K, committed 19712K, reserved 1048576K
}
Event: 387.761 GC heap before
{Heap before GC invocations=72 (full 0):
 garbage-first heap   total 357376K, used 296135K [0x0000000080000000, 0x0000000100000000)
  region size 1024K, 108 young (110592K), 4 survivors (4096K)
 Metaspace       used 142172K, committed 143168K, reserved 1179648K
  class space    used 19194K, committed 19712K, reserved 1048576K
}
Event: 387.769 GC heap after
{Heap after GC invocations=73 (full 0):
 garbage-first heap   total 357376K, used 189129K [0x0000000080000000, 0x0000000100000000)
  region size 1024K, 3 young (3072K), 3 survivors (3072K)
 Metaspace       used 142172K, committed 143168K, reserved 1179648K
  class space    used 19194K, committed 19712K, reserved 1048576K
}
Event: 388.314 GC heap before
{Heap before GC invocations=73 (full 0):
 garbage-first heap   total 357376K, used 300745K [0x0000000080000000, 0x0000000100000000)
  region size 1024K, 112 young (114688K), 3 survivors (3072K)
 Metaspace       used 142285K, committed 143296K, reserved 1179648K
  class space    used 19206K, committed 19712K, reserved 1048576K
}
Event: 388.323 GC heap after
{Heap after GC invocations=74 (full 0):
 garbage-first heap   total 357376K, used 189906K [0x0000000080000000, 0x0000000100000000)
  region size 1024K, 4 young (4096K), 4 survivors (4096K)
 Metaspace       used 142285K, committed 143296K, reserved 1179648K
  class space    used 19206K, committed 19712K, reserved 1048576K
}
Event: 388.874 GC heap before
{Heap before GC invocations=74 (full 0):
 garbage-first heap   total 357376K, used 302546K [0x0000000080000000, 0x0000000100000000)
  region size 1024K, 115 young (117760K), 4 survivors (4096K)
 Metaspace       used 142537K, committed 143552K, reserved 1179648K
  class space    used 19212K, committed 19712K, reserved 1048576K
}
Event: 388.884 GC heap after
{Heap after GC invocations=75 (full 0):
 garbage-first heap   total 357376K, used 189772K [0x0000000080000000, 0x0000000100000000)
  region size 1024K, 4 young (4096K), 4 survivors (4096K)
 Metaspace       used 142537K, committed 143552K, reserved 1179648K
  class space    used 19212K, committed 19712K, reserved 1048576K
}
Event: 389.304 GC heap before
{Heap before GC invocations=75 (full 0):
 garbage-first heap   total 357376K, used 306508K [0x0000000080000000, 0x0000000100000000)
  region size 1024K, 118 young (120832K), 4 survivors (4096K)
 Metaspace       used 142839K, committed 143872K, reserved 1179648K
  class space    used 19212K, committed 19712K, reserved 1048576K
}
Event: 389.314 GC heap after
{Heap after GC invocations=76 (full 0):
 garbage-first heap   total 357376K, used 190011K [0x0000000080000000, 0x0000000100000000)
  region size 1024K, 4 young (4096K), 4 survivors (4096K)
 Metaspace       used 142839K, committed 143872K, reserved 1179648K
  class space    used 19212K, committed 19712K, reserved 1048576K
}
Event: 389.721 GC heap before
{Heap before GC invocations=76 (full 0):
 garbage-first heap   total 357376K, used 308795K [0x0000000080000000, 0x0000000100000000)
  region size 1024K, 120 young (122880K), 4 survivors (4096K)
 Metaspace       used 143033K, committed 144064K, reserved 1179648K
  class space    used 19215K, committed 19712K, reserved 1048576K
}
Event: 389.732 GC heap after
{Heap after GC invocations=77 (full 0):
 garbage-first heap   total 357376K, used 190820K [0x0000000080000000, 0x0000000100000000)
  region size 1024K, 5 young (5120K), 5 survivors (5120K)
 Metaspace       used 143033K, committed 144064K, reserved 1179648K
  class space    used 19215K, committed 19712K, reserved 1048576K
}
Event: 390.164 GC heap before
{Heap before GC invocations=77 (full 0):
 garbage-first heap   total 357376K, used 310628K [0x0000000080000000, 0x0000000100000000)
  region size 1024K, 122 young (124928K), 5 survivors (5120K)
 Metaspace       used 143232K, committed 144192K, reserved 1179648K
  class space    used 19215K, committed 19712K, reserved 1048576K
}

