# JRE version: OpenJDK Runtime Environment (17.0.9) (build 17.0.9+0--11185874)
# Java VM: OpenJDK 64-Bit Server VM (17.0.9+0--11185874, mixed mode, tiered, compressed oops, compressed class ptrs, g1 gc, windows-amd64)
GC Precious Log:
 CPUs: 8 total, 8 available
 Memory: 12197M
 Large Page Support: Disabled
 NUMA Support: Disabled
 Compressed Oops: Enabled (32-bit)
 Heap Region Size: 1M
 Heap Min Capacity: 8M
 Heap Initial Capacity: 192M
 Heap Max Capacity: 2G
 Pre-touch: Disabled
 Parallel Workers: 8
 Concurrent Workers: 2
 Concurrent Refinement Workers: 8
 Periodic GC: Disabled
Heap:
 garbage-first heap   total 196608K, used 89807K [0x0000000080000000, 0x0000000100000000)
  region size 1024K, 3 young (3072K), 3 survivors (3072K)
 Metaspace       used 107263K, committed 108032K, reserved 1179648K
  class space    used 14523K, committed 14912K, reserved 1048576K
GC Heap History (20 events):
Event: 12.861 GC heap after
{Heap after GC invocations=33 (full 0):
 garbage-first heap   total 117760K, used 64538K [0x0000000080000000, 0x0000000100000000)
  region size 1024K, 2 young (2048K), 2 survivors (2048K)
 Metaspace       used 84947K, committed 85504K, reserved 1179648K
  class space    used 11543K, committed 11840K, reserved 1048576K
}
Event: 12.899 GC heap before
{Heap before GC invocations=33 (full 0):
 garbage-first heap   total 117760K, used 67610K [0x0000000080000000, 0x0000000100000000)
  region size 1024K, 5 young (5120K), 2 survivors (2048K)
 Metaspace       used 85215K, committed 85824K, reserved 1179648K
  class space    used 11596K, committed 11904K, reserved 1048576K
}
Event: 12.903 GC heap after
{Heap after GC invocations=34 (full 0):
 garbage-first heap   total 117760K, used 64511K [0x0000000080000000, 0x0000000100000000)
  region size 1024K, 1 young (1024K), 1 survivors (1024K)
 Metaspace       used 85215K, committed 85824K, reserved 1179648K
  class space    used 11596K, committed 11904K, reserved 1048576K
}
Event: 13.310 GC heap before
{Heap before GC invocations=34 (full 0):
 garbage-first heap   total 117760K, used 98303K [0x0000000080000000, 0x0000000100000000)
  region size 1024K, 34 young (34816K), 1 survivors (1024K)
 Metaspace       used 87877K, committed 88512K, reserved 1179648K
  class space    used 12049K, committed 12352K, reserved 1048576K
}
Event: 13.312 GC heap after
{Heap after GC invocations=35 (full 0):
 garbage-first heap   total 117760K, used 65858K [0x0000000080000000, 0x0000000100000000)
  region size 1024K, 2 young (2048K), 2 survivors (2048K)
 Metaspace       used 87877K, committed 88512K, reserved 1179648K
  class space    used 12049K, committed 12352K, reserved 1048576K
}
Event: 14.205 GC heap before
{Heap before GC invocations=36 (full 0):
 garbage-first heap   total 119808K, used 103746K [0x0000000080000000, 0x0000000100000000)
  region size 1024K, 34 young (34816K), 2 survivors (2048K)
 Metaspace       used 90538K, committed 91200K, reserved 1179648K
  class space    used 12299K, committed 12608K, reserved 1048576K
}
Event: 14.214 GC heap after
{Heap after GC invocations=37 (full 0):
 garbage-first heap   total 119808K, used 69431K [0x0000000080000000, 0x0000000100000000)
  region size 1024K, 5 young (5120K), 5 survivors (5120K)
 Metaspace       used 90538K, committed 91200K, reserved 1179648K
  class space    used 12299K, committed 12608K, reserved 1048576K
}
Event: 14.237 GC heap before
{Heap before GC invocations=37 (full 0):
 garbage-first heap   total 119808K, used 70455K [0x0000000080000000, 0x0000000100000000)
  region size 1024K, 6 young (6144K), 5 survivors (5120K)
 Metaspace       used 90547K, committed 91200K, reserved 1179648K
  class space    used 12301K, committed 12608K, reserved 1048576K
}
Event: 14.242 GC heap after
{Heap after GC invocations=38 (full 0):
 garbage-first heap   total 144384K, used 69935K [0x0000000080000000, 0x0000000100000000)
  region size 1024K, 1 young (1024K), 1 survivors (1024K)
 Metaspace       used 90547K, committed 91200K, reserved 1179648K
  class space    used 12301K, committed 12608K, reserved 1048576K
}
Event: 15.427 GC heap before
{Heap before GC invocations=38 (full 0):
 garbage-first heap   total 144384K, used 117039K [0x0000000080000000, 0x0000000100000000)
  region size 1024K, 47 young (48128K), 1 survivors (1024K)
 Metaspace       used 94938K, committed 95616K, reserved 1179648K
  class space    used 12851K, committed 13184K, reserved 1048576K
}
Event: 15.436 GC heap after
{Heap after GC invocations=39 (full 0):
 garbage-first heap   total 144384K, used 74164K [0x0000000080000000, 0x0000000100000000)
  region size 1024K, 5 young (5120K), 5 survivors (5120K)
 Metaspace       used 94938K, committed 95616K, reserved 1179648K
  class space    used 12851K, committed 13184K, reserved 1048576K
}
Event: 16.047 GC heap before
{Heap before GC invocations=39 (full 0):
 garbage-first heap   total 144384K, used 117172K [0x0000000080000000, 0x0000000100000000)
  region size 1024K, 47 young (48128K), 5 survivors (5120K)
 Metaspace       used 98411K, committed 99072K, reserved 1179648K
  class space    used 13343K, committed 13696K, reserved 1048576K
}
Event: 16.055 GC heap after
{Heap after GC invocations=40 (full 0):
 garbage-first heap   total 144384K, used 76780K [0x0000000080000000, 0x0000000100000000)
  region size 1024K, 3 young (3072K), 3 survivors (3072K)
 Metaspace       used 98411K, committed 99072K, reserved 1179648K
  class space    used 13343K, committed 13696K, reserved 1048576K
}
Event: 16.677 GC heap before
{Heap before GC invocations=40 (full 0):
 garbage-first heap   total 144384K, used 117740K [0x0000000080000000, 0x0000000100000000)
  region size 1024K, 43 young (44032K), 3 survivors (3072K)
 Metaspace       used 102172K, committed 102848K, reserved 1179648K
  class space    used 13889K, committed 14208K, reserved 1048576K
}
Event: 16.683 GC heap after
{Heap after GC invocations=41 (full 0):
 garbage-first heap   total 144384K, used 79251K [0x0000000080000000, 0x0000000100000000)
  region size 1024K, 6 young (6144K), 6 survivors (6144K)
 Metaspace       used 102172K, committed 102848K, reserved 1179648K
  class space    used 13889K, committed 14208K, reserved 1048576K
}
Event: 17.325 GC heap before
{Heap before GC invocations=41 (full 0):
 garbage-first heap   total 144384K, used 122259K [0x0000000080000000, 0x0000000100000000)
  region size 1024K, 44 young (45056K), 6 survivors (6144K)
 Metaspace       used 105901K, committed 106624K, reserved 1179648K
  class space    used 14321K, committed 14720K, reserved 1048576K
}
Event: 17.340 GC heap after
{Heap after GC invocations=42 (full 0):
 garbage-first heap   total 144384K, used 83528K [0x0000000080000000, 0x0000000100000000)
  region size 1024K, 6 young (6144K), 6 survivors (6144K)
 Metaspace       used 105901K, committed 106624K, reserved 1179648K
  class space    used 14321K, committed 14720K, reserved 1048576K
}
Event: 18.661 GC heap before
{Heap before GC invocations=42 (full 0):
 garbage-first heap   total 144384K, used 117320K [0x0000000080000000, 0x0000000100000000)
  region size 1024K, 40 young (40960K), 6 survivors (6144K)
 Metaspace       used 107011K, committed 107776K, reserved 1179648K
  class space    used 14522K, committed 14912K, reserved 1048576K
}
Event: 18.678 GC heap after
{Heap after GC invocations=43 (full 0):
 garbage-first heap   total 144384K, used 87797K [0x0000000080000000, 0x0000000100000000)
  region size 1024K, 4 young (4096K), 4 survivors (4096K)
 Metaspace       used 107011K, committed 107776K, reserved 1179648K
  class space    used 14522K, committed 14912K, reserved 1048576K
}
Event: 19.513 GC heap before
{Heap before GC invocations=43 (full 0):
 garbage-first heap   total 144384K, used 117493K [0x0000000080000000, 0x0000000100000000)
  region size 1024K, 34 young (34816K), 4 survivors (4096K)
 Metaspace       used 107263K, committed 108032K, reserved 1179648K
  class space    used 14523K, committed 14912K, reserved 1048576K
}

