# JRE version: OpenJDK Runtime Environment (17.0.9) (build 17.0.9+0--11185874)
# Java VM: OpenJDK 64-Bit Server VM (17.0.9+0--11185874, mixed mode, tiered, compressed oops, compressed class ptrs, g1 gc, windows-amd64)
GC Precious Log:
 CPUs: 8 total, 8 available
 Memory: 12197M
 Large Page Support: Disabled
 NUMA Support: Disabled
 Compressed Oops: Enabled (32-bit)
 Heap Region Size: 1M
 Heap Min Capacity: 8M
 Heap Initial Capacity: 192M
 Heap Max Capacity: 2G
 Pre-touch: Disabled
 Parallel Workers: 8
 Concurrent Workers: 2
 Concurrent Refinement Workers: 8
 Periodic GC: Disabled
Heap:
 garbage-first heap   total 196608K, used 124980K [0x0000000080000000, 0x0000000100000000)
  region size 1024K, 4 young (4096K), 4 survivors (4096K)
 Metaspace       used 111450K, committed 112192K, reserved 1179648K
  class space    used 14853K, committed 15232K, reserved 1048576K
GC Heap History (20 events):
Event: 32.410 GC heap after
{Heap after GC invocations=37 (full 0):
 garbage-first heap   total 145408K, used 77978K [0x0000000080000000, 0x0000000100000000)
  region size 1024K, 2 young (2048K), 2 survivors (2048K)
 Metaspace       used 99321K, committed 100032K, reserved 1179648K
  class space    used 13216K, committed 13568K, reserved 1048576K
}
Event: 32.864 GC heap before
{Heap before GC invocations=38 (full 0):
 garbage-first heap   total 145408K, used 112794K [0x0000000080000000, 0x0000000100000000)
  region size 1024K, 36 young (36864K), 2 survivors (2048K)
 Metaspace       used 99873K, committed 100544K, reserved 1179648K
  class space    used 13249K, committed 13568K, reserved 1048576K
}
Event: 32.869 GC heap after
{Heap after GC invocations=39 (full 0):
 garbage-first heap   total 145408K, used 81911K [0x0000000080000000, 0x0000000100000000)
  region size 1024K, 5 young (5120K), 5 survivors (5120K)
 Metaspace       used 99873K, committed 100544K, reserved 1179648K
  class space    used 13249K, committed 13568K, reserved 1048576K
}
Event: 32.889 GC heap before
{Heap before GC invocations=39 (full 0):
 garbage-first heap   total 145408K, used 82935K [0x0000000080000000, 0x0000000100000000)
  region size 1024K, 7 young (7168K), 5 survivors (5120K)
 Metaspace       used 99970K, committed 100672K, reserved 1179648K
  class space    used 13265K, committed 13568K, reserved 1048576K
}
Event: 32.896 GC heap after
{Heap after GC invocations=40 (full 0):
 garbage-first heap   total 175104K, used 82491K [0x0000000080000000, 0x0000000100000000)
  region size 1024K, 1 young (1024K), 1 survivors (1024K)
 Metaspace       used 99970K, committed 100672K, reserved 1179648K
  class space    used 13265K, committed 13568K, reserved 1048576K
}
Event: 33.504 GC heap before
{Heap before GC invocations=40 (full 0):
 garbage-first heap   total 175104K, used 133691K [0x0000000080000000, 0x0000000100000000)
  region size 1024K, 51 young (52224K), 1 survivors (1024K)
 Metaspace       used 103965K, committed 104704K, reserved 1179648K
  class space    used 13898K, committed 14272K, reserved 1048576K
}
Event: 33.508 GC heap after
{Heap after GC invocations=41 (full 0):
 garbage-first heap   total 175104K, used 84382K [0x0000000080000000, 0x0000000100000000)
  region size 1024K, 3 young (3072K), 3 survivors (3072K)
 Metaspace       used 103965K, committed 104704K, reserved 1179648K
  class space    used 13898K, committed 14272K, reserved 1048576K
}
Event: 34.219 GC heap before
{Heap before GC invocations=42 (full 0):
 garbage-first heap   total 175104K, used 136606K [0x0000000080000000, 0x0000000100000000)
  region size 1024K, 54 young (55296K), 3 survivors (3072K)
 Metaspace       used 107547K, committed 108288K, reserved 1179648K
  class space    used 14367K, committed 14720K, reserved 1048576K
}
Event: 34.225 GC heap after
{Heap after GC invocations=43 (full 0):
 garbage-first heap   total 175104K, used 89280K [0x0000000080000000, 0x0000000100000000)
  region size 1024K, 7 young (7168K), 7 survivors (7168K)
 Metaspace       used 107547K, committed 108288K, reserved 1179648K
  class space    used 14367K, committed 14720K, reserved 1048576K
}
Event: 34.236 GC heap before
{Heap before GC invocations=43 (full 0):
 garbage-first heap   total 175104K, used 90304K [0x0000000080000000, 0x0000000100000000)
  region size 1024K, 8 young (8192K), 7 survivors (7168K)
 Metaspace       used 107629K, committed 108352K, reserved 1179648K
  class space    used 14388K, committed 14720K, reserved 1048576K
}
Event: 34.242 GC heap after
{Heap after GC invocations=44 (full 0):
 garbage-first heap   total 175104K, used 89209K [0x0000000080000000, 0x0000000100000000)
  region size 1024K, 1 young (1024K), 1 survivors (1024K)
 Metaspace       used 107629K, committed 108352K, reserved 1179648K
  class space    used 14388K, committed 14720K, reserved 1048576K
}
Event: 34.565 GC heap before
{Heap before GC invocations=44 (full 0):
 garbage-first heap   total 175104K, used 137337K [0x0000000080000000, 0x0000000100000000)
  region size 1024K, 49 young (50176K), 1 survivors (1024K)
 Metaspace       used 108236K, committed 108992K, reserved 1179648K
  class space    used 14515K, committed 14848K, reserved 1048576K
}
Event: 34.569 GC heap after
{Heap after GC invocations=45 (full 0):
 garbage-first heap   total 175104K, used 91484K [0x0000000080000000, 0x0000000100000000)
  region size 1024K, 4 young (4096K), 4 survivors (4096K)
 Metaspace       used 108236K, committed 108992K, reserved 1179648K
  class space    used 14515K, committed 14848K, reserved 1048576K
}
Event: 35.855 GC heap before
{Heap before GC invocations=46 (full 0):
 garbage-first heap   total 175104K, used 138588K [0x0000000080000000, 0x0000000100000000)
  region size 1024K, 51 young (52224K), 4 survivors (4096K)
 Metaspace       used 110855K, committed 111680K, reserved 1179648K
  class space    used 14810K, committed 15232K, reserved 1048576K
}
Event: 35.866 GC heap after
{Heap after GC invocations=47 (full 0):
 garbage-first heap   total 175104K, used 94877K [0x0000000080000000, 0x0000000100000000)
  region size 1024K, 7 young (7168K), 7 survivors (7168K)
 Metaspace       used 110855K, committed 111680K, reserved 1179648K
  class space    used 14810K, committed 15232K, reserved 1048576K
}
Event: 35.906 GC heap before
{Heap before GC invocations=47 (full 0):
 garbage-first heap   total 175104K, used 95901K [0x0000000080000000, 0x0000000100000000)
  region size 1024K, 8 young (8192K), 7 survivors (7168K)
 Metaspace       used 110870K, committed 111680K, reserved 1179648K
  class space    used 14810K, committed 15232K, reserved 1048576K
}
Event: 35.916 GC heap after
{Heap after GC invocations=48 (full 0):
 garbage-first heap   total 175104K, used 94707K [0x0000000080000000, 0x0000000100000000)
  region size 1024K, 1 young (1024K), 1 survivors (1024K)
 Metaspace       used 110870K, committed 111680K, reserved 1179648K
  class space    used 14810K, committed 15232K, reserved 1048576K
}
Event: 36.965 GC heap before
{Heap before GC invocations=48 (full 0):
 garbage-first heap   total 175104K, used 150003K [0x0000000080000000, 0x0000000100000000)
  region size 1024K, 47 young (48128K), 1 survivors (1024K)
 Metaspace       used 111015K, committed 111872K, reserved 1179648K
  class space    used 14810K, committed 15232K, reserved 1048576K
}
Event: 36.986 GC heap after
{Heap after GC invocations=49 (full 0):
 garbage-first heap   total 175104K, used 118179K [0x0000000080000000, 0x0000000100000000)
  region size 1024K, 6 young (6144K), 6 survivors (6144K)
 Metaspace       used 111015K, committed 111872K, reserved 1179648K
  class space    used 14810K, committed 15232K, reserved 1048576K
}
Event: 37.591 GC heap before
{Heap before GC invocations=49 (full 0):
 garbage-first heap   total 175104K, used 140707K [0x0000000080000000, 0x0000000100000000)
  region size 1024K, 26 young (26624K), 6 survivors (6144K)
 Metaspace       used 111450K, committed 112192K, reserved 1179648K
  class space    used 14853K, committed 15232K, reserved 1048576K
}

