# JRE version: OpenJDK Runtime Environment (17.0.9) (build 17.0.9+0--11185874)
# Java VM: OpenJDK 64-Bit Server VM (17.0.9+0--11185874, mixed mode, tiered, compressed oops, compressed class ptrs, g1 gc, windows-amd64)
GC Precious Log:
 CPUs: 8 total, 8 available
 Memory: 12197M
 Large Page Support: Disabled
 NUMA Support: Disabled
 Compressed Oops: Enabled (32-bit)
 Heap Region Size: 1M
 Heap Min Capacity: 8M
 Heap Initial Capacity: 192M
 Heap Max Capacity: 2G
 Pre-touch: Disabled
 Parallel Workers: 8
 Concurrent Workers: 2
 Concurrent Refinement Workers: 8
 Periodic GC: Disabled
Heap:
 garbage-first heap   total 261120K, used 167984K [0x0000000080000000, 0x0000000100000000)
  region size 1024K, 27 young (27648K), 10 survivors (10240K)
 Metaspace       used 122381K, committed 123328K, reserved 1179648K
  class space    used 15954K, committed 16384K, reserved 1048576K
GC Heap History (20 events):
Event: 25.741 GC heap before
{Heap before GC invocations=30 (full 0):
 garbage-first heap   total 217088K, used 184607K [0x0000000080000000, 0x0000000100000000)
  region size 1024K, 80 young (81920K), 2 survivors (2048K)
 Metaspace       used 110944K, committed 111808K, reserved 1179648K
  class space    used 14797K, committed 15232K, reserved 1048576K
}
Event: 25.768 GC heap after
{Heap after GC invocations=31 (full 0):
 garbage-first heap   total 217088K, used 123109K [0x0000000080000000, 0x0000000100000000)
  region size 1024K, 10 young (10240K), 10 survivors (10240K)
 Metaspace       used 110944K, committed 111808K, reserved 1179648K
  class space    used 14797K, committed 15232K, reserved 1048576K
}
Event: 27.097 GC heap before
{Heap before GC invocations=31 (full 0):
 garbage-first heap   total 217088K, used 172261K [0x0000000080000000, 0x0000000100000000)
  region size 1024K, 51 young (52224K), 10 survivors (10240K)
 Metaspace       used 112558K, committed 113408K, reserved 1179648K
  class space    used 14995K, committed 15424K, reserved 1048576K
}
Event: 27.109 GC heap after
{Heap after GC invocations=32 (full 0):
 garbage-first heap   total 217088K, used 131015K [0x0000000080000000, 0x0000000100000000)
  region size 1024K, 6 young (6144K), 6 survivors (6144K)
 Metaspace       used 112558K, committed 113408K, reserved 1179648K
  class space    used 14995K, committed 15424K, reserved 1048576K
}
Event: 27.744 GC heap before
{Heap before GC invocations=32 (full 0):
 garbage-first heap   total 217088K, used 168903K [0x0000000080000000, 0x0000000100000000)
  region size 1024K, 44 young (45056K), 6 survivors (6144K)
 Metaspace       used 114101K, committed 114880K, reserved 1179648K
  class space    used 15143K, committed 15552K, reserved 1048576K
}
Event: 27.754 GC heap after
{Heap after GC invocations=33 (full 0):
 garbage-first heap   total 217088K, used 136898K [0x0000000080000000, 0x0000000100000000)
  region size 1024K, 6 young (6144K), 6 survivors (6144K)
 Metaspace       used 114101K, committed 114880K, reserved 1179648K
  class space    used 15143K, committed 15552K, reserved 1048576K
}
Event: 27.959 GC heap before
{Heap before GC invocations=33 (full 0):
 garbage-first heap   total 217088K, used 188098K [0x0000000080000000, 0x0000000100000000)
  region size 1024K, 40 young (40960K), 6 survivors (6144K)
 Metaspace       used 114663K, committed 115520K, reserved 1179648K
  class space    used 15181K, committed 15616K, reserved 1048576K
}
Event: 27.964 GC heap after
{Heap after GC invocations=34 (full 0):
 garbage-first heap   total 217088K, used 137172K [0x0000000080000000, 0x0000000100000000)
  region size 1024K, 5 young (5120K), 5 survivors (5120K)
 Metaspace       used 114663K, committed 115520K, reserved 1179648K
  class space    used 15181K, committed 15616K, reserved 1048576K
}
Event: 28.217 GC heap before
{Heap before GC invocations=34 (full 0):
 garbage-first heap   total 217088K, used 171988K [0x0000000080000000, 0x0000000100000000)
  region size 1024K, 40 young (40960K), 5 survivors (5120K)
 Metaspace       used 117338K, committed 118144K, reserved 1179648K
  class space    used 15454K, committed 15872K, reserved 1048576K
}
Event: 28.224 GC heap after
{Heap after GC invocations=35 (full 0):
 garbage-first heap   total 217088K, used 141312K [0x0000000080000000, 0x0000000100000000)
  region size 1024K, 5 young (5120K), 5 survivors (5120K)
 Metaspace       used 117338K, committed 118144K, reserved 1179648K
  class space    used 15454K, committed 15872K, reserved 1048576K
}
Event: 28.522 GC heap before
{Heap before GC invocations=35 (full 0):
 garbage-first heap   total 217088K, used 174080K [0x0000000080000000, 0x0000000100000000)
  region size 1024K, 38 young (38912K), 5 survivors (5120K)
 Metaspace       used 117671K, committed 118464K, reserved 1179648K
  class space    used 15469K, committed 15872K, reserved 1048576K
}
Event: 28.530 GC heap after
{Heap after GC invocations=36 (full 0):
 garbage-first heap   total 217088K, used 143310K [0x0000000080000000, 0x0000000100000000)
  region size 1024K, 3 young (3072K), 3 survivors (3072K)
 Metaspace       used 117671K, committed 118464K, reserved 1179648K
  class space    used 15469K, committed 15872K, reserved 1048576K
}
Event: 28.791 GC heap before
{Heap before GC invocations=36 (full 0):
 garbage-first heap   total 217088K, used 177102K [0x0000000080000000, 0x0000000100000000)
  region size 1024K, 37 young (37888K), 3 survivors (3072K)
 Metaspace       used 118219K, committed 119104K, reserved 1179648K
  class space    used 15516K, committed 15936K, reserved 1048576K
}
Event: 28.798 GC heap after
{Heap after GC invocations=37 (full 0):
 garbage-first heap   total 217088K, used 144419K [0x0000000080000000, 0x0000000100000000)
  region size 1024K, 4 young (4096K), 4 survivors (4096K)
 Metaspace       used 118219K, committed 119104K, reserved 1179648K
  class space    used 15516K, committed 15936K, reserved 1048576K
}
Event: 29.095 GC heap before
{Heap before GC invocations=37 (full 0):
 garbage-first heap   total 217088K, used 179235K [0x0000000080000000, 0x0000000100000000)
  region size 1024K, 39 young (39936K), 4 survivors (4096K)
 Metaspace       used 118514K, committed 119360K, reserved 1179648K
  class space    used 15538K, committed 15936K, reserved 1048576K
}
Event: 29.104 GC heap after
{Heap after GC invocations=38 (full 0):
 garbage-first heap   total 261120K, used 146582K [0x0000000080000000, 0x0000000100000000)
  region size 1024K, 5 young (5120K), 5 survivors (5120K)
 Metaspace       used 118514K, committed 119360K, reserved 1179648K
  class space    used 15538K, committed 15936K, reserved 1048576K
}
Event: 29.929 GC heap before
{Heap before GC invocations=38 (full 0):
 garbage-first heap   total 261120K, used 213142K [0x0000000080000000, 0x0000000100000000)
  region size 1024K, 71 young (72704K), 5 survivors (5120K)
 Metaspace       used 120121K, committed 120960K, reserved 1179648K
  class space    used 15706K, committed 16128K, reserved 1048576K
}
Event: 29.939 GC heap after
{Heap after GC invocations=39 (full 0):
 garbage-first heap   total 261120K, used 147045K [0x0000000080000000, 0x0000000100000000)
  region size 1024K, 5 young (5120K), 5 survivors (5120K)
 Metaspace       used 120121K, committed 120960K, reserved 1179648K
  class space    used 15706K, committed 16128K, reserved 1048576K
}
Event: 32.180 GC heap before
{Heap before GC invocations=39 (full 0):
 garbage-first heap   total 261120K, used 216677K [0x0000000080000000, 0x0000000100000000)
  region size 1024K, 74 young (75776K), 5 survivors (5120K)
 Metaspace       used 121422K, committed 122240K, reserved 1179648K
  class space    used 15841K, committed 16256K, reserved 1048576K
}
Event: 32.197 GC heap after
{Heap after GC invocations=40 (full 0):
 garbage-first heap   total 261120K, used 151600K [0x0000000080000000, 0x0000000100000000)
  region size 1024K, 10 young (10240K), 10 survivors (10240K)
 Metaspace       used 121422K, committed 122240K, reserved 1179648K
  class space    used 15841K, committed 16256K, reserved 1048576K
}

