# JRE version: OpenJDK Runtime Environment (17.0.9) (build 17.0.9+0--11185874)
# Java VM: OpenJDK 64-Bit Server VM (17.0.9+0--11185874, mixed mode, tiered, compressed oops, compressed class ptrs, g1 gc, windows-amd64)
GC Precious Log:
 CPUs: 8 total, 8 available
 Memory: 12197M
 Large Page Support: Disabled
 NUMA Support: Disabled
 Compressed Oops: Enabled (32-bit)
 Heap Region Size: 1M
 Heap Min Capacity: 8M
 Heap Initial Capacity: 192M
 Heap Max Capacity: 2G
 Pre-touch: Disabled
 Parallel Workers: 8
 Concurrent Workers: 2
 Concurrent Refinement Workers: 8
 Periodic GC: Disabled
Heap:
 garbage-first heap   total 291840K, used 215776K [0x0000000080000000, 0x0000000100000000)
  region size 1024K, 50 young (51200K), 1 survivors (1024K)
 Metaspace       used 124950K, committed 125888K, reserved 1179648K
  class space    used 16724K, committed 17216K, reserved 1048576K
GC Heap History (20 events):
Event: 36.679 GC heap before
{Heap before GC invocations=57 (full 0):
 garbage-first heap   total 277504K, used 141948K [0x0000000080000000, 0x0000000100000000)
  region size 1024K, 17 young (17408K), 16 survivors (16384K)
 Metaspace       used 107697K, committed 108480K, reserved 1179648K
  class space    used 14444K, committed 14848K, reserved 1048576K
}
Event: 36.705 GC heap after
{Heap after GC invocations=58 (full 0):
 garbage-first heap   total 277504K, used 134026K [0x0000000080000000, 0x0000000100000000)
  region size 1024K, 3 young (3072K), 3 survivors (3072K)
 Metaspace       used 107697K, committed 108480K, reserved 1179648K
  class space    used 14444K, committed 14848K, reserved 1048576K
}
Event: 37.611 GC heap before
{Heap before GC invocations=58 (full 0):
 garbage-first heap   total 277504K, used 217994K [0x0000000080000000, 0x0000000100000000)
  region size 1024K, 86 young (88064K), 3 survivors (3072K)
 Metaspace       used 111292K, committed 112064K, reserved 1179648K
  class space    used 14792K, committed 15168K, reserved 1048576K
}
Event: 37.623 GC heap after
{Heap after GC invocations=59 (full 0):
 garbage-first heap   total 277504K, used 141199K [0x0000000080000000, 0x0000000100000000)
  region size 1024K, 10 young (10240K), 10 survivors (10240K)
 Metaspace       used 111292K, committed 112064K, reserved 1179648K
  class space    used 14792K, committed 15168K, reserved 1048576K
}
Event: 38.376 GC heap before
{Heap before GC invocations=59 (full 0):
 garbage-first heap   total 277504K, used 219023K [0x0000000080000000, 0x0000000100000000)
  region size 1024K, 87 young (89088K), 10 survivors (10240K)
 Metaspace       used 112033K, committed 112768K, reserved 1179648K
  class space    used 14842K, committed 15232K, reserved 1048576K
}
Event: 38.384 GC heap after
{Heap after GC invocations=60 (full 0):
 garbage-first heap   total 277504K, used 138804K [0x0000000080000000, 0x0000000100000000)
  region size 1024K, 4 young (4096K), 4 survivors (4096K)
 Metaspace       used 112033K, committed 112768K, reserved 1179648K
  class space    used 14842K, committed 15232K, reserved 1048576K
}
Event: 39.393 GC heap before
{Heap before GC invocations=60 (full 0):
 garbage-first heap   total 277504K, used 222772K [0x0000000080000000, 0x0000000100000000)
  region size 1024K, 87 young (89088K), 4 survivors (4096K)
 Metaspace       used 113937K, committed 114752K, reserved 1179648K
  class space    used 15057K, committed 15424K, reserved 1048576K
}
Event: 39.404 GC heap after
{Heap after GC invocations=61 (full 0):
 garbage-first heap   total 277504K, used 141633K [0x0000000080000000, 0x0000000100000000)
  region size 1024K, 7 young (7168K), 7 survivors (7168K)
 Metaspace       used 113937K, committed 114752K, reserved 1179648K
  class space    used 15057K, committed 15424K, reserved 1048576K
}
Event: 41.261 GC heap before
{Heap before GC invocations=62 (full 0):
 garbage-first heap   total 277504K, used 209217K [0x0000000080000000, 0x0000000100000000)
  region size 1024K, 90 young (92160K), 7 survivors (7168K)
 Metaspace       used 116315K, committed 117120K, reserved 1179648K
  class space    used 15322K, committed 15680K, reserved 1048576K
}
Event: 41.275 GC heap after
{Heap after GC invocations=63 (full 0):
 garbage-first heap   total 277504K, used 129907K [0x0000000080000000, 0x0000000100000000)
  region size 1024K, 11 young (11264K), 11 survivors (11264K)
 Metaspace       used 116315K, committed 117120K, reserved 1179648K
  class space    used 15322K, committed 15680K, reserved 1048576K
}
Event: 41.299 GC heap before
{Heap before GC invocations=63 (full 0):
 garbage-first heap   total 277504K, used 131955K [0x0000000080000000, 0x0000000100000000)
  region size 1024K, 13 young (13312K), 11 survivors (11264K)
 Metaspace       used 116320K, committed 117120K, reserved 1179648K
  class space    used 15322K, committed 15680K, reserved 1048576K
}
Event: 41.313 GC heap after
{Heap after GC invocations=64 (full 0):
 garbage-first heap   total 277504K, used 113254K [0x0000000080000000, 0x0000000100000000)
  region size 1024K, 1 young (1024K), 1 survivors (1024K)
 Metaspace       used 116320K, committed 117120K, reserved 1179648K
  class space    used 15322K, committed 15680K, reserved 1048576K
}
Event: 42.993 GC heap before
{Heap before GC invocations=64 (full 0):
 garbage-first heap   total 277504K, used 219750K [0x0000000080000000, 0x0000000100000000)
  region size 1024K, 106 young (108544K), 1 survivors (1024K)
 Metaspace       used 118904K, committed 119680K, reserved 1179648K
  class space    used 15668K, committed 16064K, reserved 1048576K
}
Event: 43.007 GC heap after
{Heap after GC invocations=65 (full 0):
 garbage-first heap   total 277504K, used 119380K [0x0000000080000000, 0x0000000100000000)
  region size 1024K, 7 young (7168K), 7 survivors (7168K)
 Metaspace       used 118904K, committed 119680K, reserved 1179648K
  class space    used 15668K, committed 16064K, reserved 1048576K
}
Event: 43.141 GC heap before
{Heap before GC invocations=65 (full 0):
 garbage-first heap   total 277504K, used 134740K [0x0000000080000000, 0x0000000100000000)
  region size 1024K, 23 young (23552K), 7 survivors (7168K)
 Metaspace       used 119130K, committed 120064K, reserved 1179648K
  class space    used 15702K, committed 16192K, reserved 1048576K
}
Event: 43.154 GC heap after
{Heap after GC invocations=66 (full 0):
 garbage-first heap   total 277504K, used 120840K [0x0000000080000000, 0x0000000100000000)
  region size 1024K, 9 young (9216K), 9 survivors (9216K)
 Metaspace       used 119130K, committed 120064K, reserved 1179648K
  class space    used 15702K, committed 16192K, reserved 1048576K
}
Event: 44.799 GC heap before
{Heap before GC invocations=67 (full 0):
 garbage-first heap   total 277504K, used 256418K [0x0000000080000000, 0x0000000100000000)
  region size 1024K, 102 young (104448K), 9 survivors (9216K)
 Metaspace       used 123276K, committed 124160K, reserved 1179648K
  class space    used 16294K, committed 16768K, reserved 1048576K
}
Event: 44.835 GC heap after
{Heap after GC invocations=68 (full 0):
 garbage-first heap   total 291840K, used 167636K [0x0000000080000000, 0x0000000100000000)
  region size 1024K, 14 young (14336K), 14 survivors (14336K)
 Metaspace       used 123276K, committed 124160K, reserved 1179648K
  class space    used 16294K, committed 16768K, reserved 1048576K
}
Event: 44.848 GC heap before
{Heap before GC invocations=68 (full 0):
 garbage-first heap   total 291840K, used 168660K [0x0000000080000000, 0x0000000100000000)
  region size 1024K, 15 young (15360K), 14 survivors (14336K)
 Metaspace       used 123276K, committed 124160K, reserved 1179648K
  class space    used 16294K, committed 16768K, reserved 1048576K
}
Event: 44.863 GC heap after
{Heap after GC invocations=69 (full 0):
 garbage-first heap   total 291840K, used 164576K [0x0000000080000000, 0x0000000100000000)
  region size 1024K, 1 young (1024K), 1 survivors (1024K)
 Metaspace       used 123276K, committed 124160K, reserved 1179648K
  class space    used 16294K, committed 16768K, reserved 1048576K
}

