# JRE version: OpenJDK Runtime Environment (17.0.9) (build 17.0.9+0--11185874)
# Java VM: OpenJDK 64-Bit Server VM (17.0.9+0--11185874, mixed mode, tiered, compressed oops, compressed class ptrs, g1 gc, windows-amd64)
GC Precious Log:
 CPUs: 8 total, 8 available
 Memory: 12197M
 Large Page Support: Disabled
 NUMA Support: Disabled
 Compressed Oops: Enabled (32-bit)
 Heap Region Size: 1M
 Heap Min Capacity: 8M
 Heap Initial Capacity: 192M
 Heap Max Capacity: 2G
 Pre-touch: Disabled
 Parallel Workers: 8
 Concurrent Workers: 2
 Concurrent Refinement Workers: 8
 Periodic GC: Disabled
Heap:
 garbage-first heap   total 196608K, used 124826K [0x0000000080000000, 0x0000000100000000)
  region size 1024K, 5 young (5120K), 5 survivors (5120K)
 Metaspace       used 107130K, committed 107904K, reserved 1179648K
  class space    used 14496K, committed 14912K, reserved 1048576K
GC Heap History (20 events):
Event: 10.950 GC heap after
{Heap after GC invocations=18 (full 0):
 garbage-first heap   total 182272K, used 57152K [0x0000000080000000, 0x0000000100000000)
  region size 1024K, 9 young (9216K), 9 survivors (9216K)
 Metaspace       used 68154K, committed 68672K, reserved 1114112K
  class space    used 9170K, committed 9408K, reserved 1048576K
}
Event: 12.501 GC heap before
{Heap before GC invocations=19 (full 0):
 garbage-first heap   total 182272K, used 141120K [0x0000000080000000, 0x0000000100000000)
  region size 1024K, 92 young (94208K), 9 survivors (9216K)
 Metaspace       used 75856K, committed 76480K, reserved 1179648K
  class space    used 10233K, committed 10560K, reserved 1048576K
}
Event: 12.515 GC heap after
{Heap after GC invocations=20 (full 0):
 garbage-first heap   total 182272K, used 61272K [0x0000000080000000, 0x0000000100000000)
  region size 1024K, 5 young (5120K), 5 survivors (5120K)
 Metaspace       used 75856K, committed 76480K, reserved 1179648K
  class space    used 10233K, committed 10560K, reserved 1048576K
}
Event: 14.135 GC heap before
{Heap before GC invocations=20 (full 0):
 garbage-first heap   total 182272K, used 144216K [0x0000000080000000, 0x0000000100000000)
  region size 1024K, 86 young (88064K), 5 survivors (5120K)
 Metaspace       used 82438K, committed 83008K, reserved 1179648K
  class space    used 11347K, committed 11648K, reserved 1048576K
}
Event: 14.145 GC heap after
{Heap after GC invocations=21 (full 0):
 garbage-first heap   total 182272K, used 63757K [0x0000000080000000, 0x0000000100000000)
  region size 1024K, 7 young (7168K), 7 survivors (7168K)
 Metaspace       used 82438K, committed 83008K, reserved 1179648K
  class space    used 11347K, committed 11648K, reserved 1048576K
}
Event: 15.790 GC heap before
{Heap before GC invocations=21 (full 0):
 garbage-first heap   total 182272K, used 151821K [0x0000000080000000, 0x0000000100000000)
  region size 1024K, 88 young (90112K), 7 survivors (7168K)
 Metaspace       used 89696K, committed 90368K, reserved 1179648K
  class space    used 12170K, committed 12480K, reserved 1048576K
}
Event: 15.801 GC heap after
{Heap after GC invocations=22 (full 0):
 garbage-first heap   total 182272K, used 72158K [0x0000000080000000, 0x0000000100000000)
  region size 1024K, 11 young (11264K), 11 survivors (11264K)
 Metaspace       used 89696K, committed 90368K, reserved 1179648K
  class space    used 12170K, committed 12480K, reserved 1048576K
}
Event: 16.611 GC heap before
{Heap before GC invocations=22 (full 0):
 garbage-first heap   total 182272K, used 145886K [0x0000000080000000, 0x0000000100000000)
  region size 1024K, 83 young (84992K), 11 survivors (11264K)
 Metaspace       used 96264K, committed 96896K, reserved 1179648K
  class space    used 13138K, committed 13440K, reserved 1048576K
}
Event: 16.622 GC heap after
{Heap after GC invocations=23 (full 0):
 garbage-first heap   total 182272K, used 76930K [0x0000000080000000, 0x0000000100000000)
  region size 1024K, 5 young (5120K), 5 survivors (5120K)
 Metaspace       used 96264K, committed 96896K, reserved 1179648K
  class space    used 13138K, committed 13440K, reserved 1048576K
}
Event: 17.755 GC heap before
{Heap before GC invocations=23 (full 0):
 garbage-first heap   total 182272K, used 150658K [0x0000000080000000, 0x0000000100000000)
  region size 1024K, 73 young (74752K), 5 survivors (5120K)
 Metaspace       used 101548K, committed 102272K, reserved 1179648K
  class space    used 13779K, committed 14144K, reserved 1048576K
}
Event: 17.782 GC heap after
{Heap after GC invocations=24 (full 0):
 garbage-first heap   total 182272K, used 85442K [0x0000000080000000, 0x0000000100000000)
  region size 1024K, 10 young (10240K), 10 survivors (10240K)
 Metaspace       used 101548K, committed 102272K, reserved 1179648K
  class space    used 13779K, committed 14144K, reserved 1048576K
}
Event: 18.716 GC heap before
{Heap before GC invocations=24 (full 0):
 garbage-first heap   total 182272K, used 145858K [0x0000000080000000, 0x0000000100000000)
  region size 1024K, 70 young (71680K), 10 survivors (10240K)
 Metaspace       used 102827K, committed 103552K, reserved 1179648K
  class space    used 14028K, committed 14400K, reserved 1048576K
}
Event: 18.738 GC heap after
{Heap after GC invocations=25 (full 0):
 garbage-first heap   total 182272K, used 90784K [0x0000000080000000, 0x0000000100000000)
  region size 1024K, 5 young (5120K), 5 survivors (5120K)
 Metaspace       used 102827K, committed 103552K, reserved 1179648K
  class space    used 14028K, committed 14400K, reserved 1048576K
}
Event: 20.388 GC heap before
{Heap before GC invocations=25 (full 0):
 garbage-first heap   total 182272K, used 147104K [0x0000000080000000, 0x0000000100000000)
  region size 1024K, 61 young (62464K), 5 survivors (5120K)
 Metaspace       used 104944K, committed 105728K, reserved 1179648K
  class space    used 14219K, committed 14592K, reserved 1048576K
}
Event: 20.402 GC heap after
{Heap after GC invocations=26 (full 0):
 garbage-first heap   total 182272K, used 99746K [0x0000000080000000, 0x0000000100000000)
  region size 1024K, 8 young (8192K), 8 survivors (8192K)
 Metaspace       used 104944K, committed 105728K, reserved 1179648K
  class space    used 14219K, committed 14592K, reserved 1048576K
}
Event: 21.436 GC heap before
{Heap before GC invocations=27 (full 0):
 garbage-first heap   total 196608K, used 152994K [0x0000000080000000, 0x0000000100000000)
  region size 1024K, 52 young (53248K), 8 survivors (8192K)
 Metaspace       used 105297K, committed 106048K, reserved 1179648K
  class space    used 14263K, committed 14656K, reserved 1048576K
}
Event: 21.473 GC heap after
{Heap after GC invocations=28 (full 0):
 garbage-first heap   total 196608K, used 119764K [0x0000000080000000, 0x0000000100000000)
  region size 1024K, 7 young (7168K), 7 survivors (7168K)
 Metaspace       used 105297K, committed 106048K, reserved 1179648K
  class space    used 14263K, committed 14656K, reserved 1048576K
}
Event: 21.583 GC heap before
{Heap before GC invocations=28 (full 0):
 garbage-first heap   total 196608K, used 120788K [0x0000000080000000, 0x0000000100000000)
  region size 1024K, 9 young (9216K), 7 survivors (7168K)
 Metaspace       used 105362K, committed 106176K, reserved 1179648K
  class space    used 14264K, committed 14656K, reserved 1048576K
}
Event: 21.599 GC heap after
{Heap after GC invocations=29 (full 0):
 garbage-first heap   total 196608K, used 121182K [0x0000000080000000, 0x0000000100000000)
  region size 1024K, 2 young (2048K), 2 survivors (2048K)
 Metaspace       used 105362K, committed 106176K, reserved 1179648K
  class space    used 14264K, committed 14656K, reserved 1048576K
}
Event: 22.341 GC heap before
{Heap before GC invocations=29 (full 0):
 garbage-first heap   total 196608K, used 161118K [0x0000000080000000, 0x0000000100000000)
  region size 1024K, 34 young (34816K), 2 survivors (2048K)
 Metaspace       used 107130K, committed 107904K, reserved 1179648K
  class space    used 14496K, committed 14912K, reserved 1048576K
}

