# JRE version: OpenJDK Runtime Environment (17.0.9) (build 17.0.9+0--11185874)
# Java VM: OpenJDK 64-Bit Server VM (17.0.9+0--11185874, mixed mode, tiered, compressed oops, compressed class ptrs, g1 gc, windows-amd64)
GC Precious Log:
 CPUs: 8 total, 8 available
 Memory: 12197M
 Large Page Support: Disabled
 NUMA Support: Disabled
 Compressed Oops: Enabled (32-bit)
 Heap Region Size: 1M
 Heap Min Capacity: 8M
 Heap Initial Capacity: 192M
 Heap Max Capacity: 2G
 Pre-touch: Disabled
 Parallel Workers: 8
 Concurrent Workers: 2
 Concurrent Refinement Workers: 8
 Periodic GC: Disabled
Heap:
 garbage-first heap   total 229376K, used 161709K [0x0000000080000000, 0x0000000100000000)
  region size 1024K, 34 young (34816K), 2 survivors (2048K)
 Metaspace       used 115453K, committed 116288K, reserved 1179648K
  class space    used 15254K, committed 15680K, reserved 1048576K
GC Heap History (20 events):
Event: 12.112 GC heap before
{Heap before GC invocations=29 (full 0):
 garbage-first heap   total 109568K, used 89102K [0x0000000080000000, 0x0000000100000000)
  region size 1024K, 31 young (31744K), 1 survivors (1024K)
 Metaspace       used 73952K, committed 74624K, reserved 1114112K
  class space    used 9984K, committed 10304K, reserved 1048576K
}
Event: 12.115 GC heap after
{Heap after GC invocations=30 (full 0):
 garbage-first heap   total 219136K, used 59214K [0x0000000080000000, 0x0000000100000000)
  region size 1024K, 2 young (2048K), 2 survivors (2048K)
 Metaspace       used 73952K, committed 74624K, reserved 1114112K
  class space    used 9984K, committed 10304K, reserved 1048576K
}
Event: 13.411 GC heap before
{Heap before GC invocations=30 (full 0):
 garbage-first heap   total 219136K, used 165710K [0x0000000080000000, 0x0000000100000000)
  region size 1024K, 106 young (108544K), 2 survivors (2048K)
 Metaspace       used 81873K, committed 82496K, reserved 1179648K
  class space    used 11243K, committed 11584K, reserved 1048576K
}
Event: 13.417 GC heap after
{Heap after GC invocations=31 (full 0):
 garbage-first heap   total 219136K, used 63423K [0x0000000080000000, 0x0000000100000000)
  region size 1024K, 6 young (6144K), 6 survivors (6144K)
 Metaspace       used 81873K, committed 82496K, reserved 1179648K
  class space    used 11243K, committed 11584K, reserved 1048576K
}
Event: 15.960 GC heap before
{Heap before GC invocations=31 (full 0):
 garbage-first heap   total 219136K, used 178111K [0x0000000080000000, 0x0000000100000000)
  region size 1024K, 114 young (116736K), 6 survivors (6144K)
 Metaspace       used 91481K, committed 92160K, reserved 1179648K
  class space    used 12355K, committed 12672K, reserved 1048576K
}
Event: 15.987 GC heap after
{Heap after GC invocations=32 (full 0):
 garbage-first heap   total 219136K, used 75620K [0x0000000080000000, 0x0000000100000000)
  region size 1024K, 15 young (15360K), 15 survivors (15360K)
 Metaspace       used 91481K, committed 92160K, reserved 1179648K
  class space    used 12355K, committed 12672K, reserved 1048576K
}
Event: 22.830 GC heap before
{Heap before GC invocations=32 (full 0):
 garbage-first heap   total 219136K, used 178020K [0x0000000080000000, 0x0000000100000000)
  region size 1024K, 111 young (113664K), 15 survivors (15360K)
 Metaspace       used 100029K, committed 100736K, reserved 1179648K
  class space    used 13242K, committed 13568K, reserved 1048576K
}
Event: 22.849 GC heap after
{Heap after GC invocations=33 (full 0):
 garbage-first heap   total 219136K, used 82709K [0x0000000080000000, 0x0000000100000000)
  region size 1024K, 7 young (7168K), 7 survivors (7168K)
 Metaspace       used 100029K, committed 100736K, reserved 1179648K
  class space    used 13242K, committed 13568K, reserved 1048576K
}
Event: 25.021 GC heap before
{Heap before GC invocations=33 (full 0):
 garbage-first heap   total 219136K, used 175893K [0x0000000080000000, 0x0000000100000000)
  region size 1024K, 98 young (100352K), 7 survivors (7168K)
 Metaspace       used 107213K, committed 107968K, reserved 1179648K
  class space    used 14291K, committed 14656K, reserved 1048576K
}
Event: 25.039 GC heap after
{Heap after GC invocations=34 (full 0):
 garbage-first heap   total 219136K, used 88021K [0x0000000080000000, 0x0000000100000000)
  region size 1024K, 13 young (13312K), 13 survivors (13312K)
 Metaspace       used 107213K, committed 107968K, reserved 1179648K
  class space    used 14291K, committed 14656K, reserved 1048576K
}
Event: 26.544 GC heap before
{Heap before GC invocations=34 (full 0):
 garbage-first heap   total 219136K, used 175061K [0x0000000080000000, 0x0000000100000000)
  region size 1024K, 99 young (101376K), 13 survivors (13312K)
 Metaspace       used 109693K, committed 110464K, reserved 1179648K
  class space    used 14682K, committed 15040K, reserved 1048576K
}
Event: 26.567 GC heap after
{Heap after GC invocations=35 (full 0):
 garbage-first heap   total 219136K, used 94850K [0x0000000080000000, 0x0000000100000000)
  region size 1024K, 13 young (13312K), 13 survivors (13312K)
 Metaspace       used 109693K, committed 110464K, reserved 1179648K
  class space    used 14682K, committed 15040K, reserved 1048576K
}
Event: 27.600 GC heap before
{Heap before GC invocations=35 (full 0):
 garbage-first heap   total 219136K, used 185986K [0x0000000080000000, 0x0000000100000000)
  region size 1024K, 94 young (96256K), 13 survivors (13312K)
 Metaspace       used 111332K, committed 112192K, reserved 1179648K
  class space    used 14823K, committed 15232K, reserved 1048576K
}
Event: 27.621 GC heap after
{Heap after GC invocations=36 (full 0):
 garbage-first heap   total 226304K, used 121985K [0x0000000080000000, 0x0000000100000000)
  region size 1024K, 12 young (12288K), 12 survivors (12288K)
 Metaspace       used 111332K, committed 112192K, reserved 1179648K
  class space    used 14823K, committed 15232K, reserved 1048576K
}
Event: 28.791 GC heap before
{Heap before GC invocations=36 (full 0):
 garbage-first heap   total 226304K, used 161921K [0x0000000080000000, 0x0000000100000000)
  region size 1024K, 45 young (46080K), 12 survivors (12288K)
 Metaspace       used 112844K, committed 113600K, reserved 1179648K
  class space    used 15003K, committed 15360K, reserved 1048576K
}
Event: 28.815 GC heap after
{Heap after GC invocations=37 (full 0):
 garbage-first heap   total 226304K, used 129024K [0x0000000080000000, 0x0000000100000000)
  region size 1024K, 6 young (6144K), 6 survivors (6144K)
 Metaspace       used 112844K, committed 113600K, reserved 1179648K
  class space    used 15003K, committed 15360K, reserved 1048576K
}
Event: 30.882 GC heap before
{Heap before GC invocations=38 (full 0):
 garbage-first heap   total 229376K, used 193536K [0x0000000080000000, 0x0000000100000000)
  region size 1024K, 53 young (54272K), 6 survivors (6144K)
 Metaspace       used 114334K, committed 115200K, reserved 1179648K
  class space    used 15157K, committed 15552K, reserved 1048576K
}
Event: 30.895 GC heap after
{Heap after GC invocations=39 (full 0):
 garbage-first heap   total 229376K, used 131255K [0x0000000080000000, 0x0000000100000000)
  region size 1024K, 3 young (3072K), 3 survivors (3072K)
 Metaspace       used 114334K, committed 115200K, reserved 1179648K
  class space    used 15157K, committed 15552K, reserved 1048576K
}
Event: 30.980 GC heap before
{Heap before GC invocations=39 (full 0):
 garbage-first heap   total 229376K, used 139447K [0x0000000080000000, 0x0000000100000000)
  region size 1024K, 11 young (11264K), 3 survivors (3072K)
 Metaspace       used 114399K, committed 115200K, reserved 1179648K
  class space    used 15159K, committed 15552K, reserved 1048576K
}
Event: 30.988 GC heap after
{Heap after GC invocations=40 (full 0):
 garbage-first heap   total 229376K, used 130989K [0x0000000080000000, 0x0000000100000000)
  region size 1024K, 2 young (2048K), 2 survivors (2048K)
 Metaspace       used 114399K, committed 115200K, reserved 1179648K
  class space    used 15159K, committed 15552K, reserved 1048576K
}

